2023-02-11 18:48:24,631 [Worker-4: Loading available Gradle versions] INFO  o.e.b.c.i.u.g.PublishedGradleVersions - Gradle version information cache is out-of-date. Trying to update.
2023-02-11 18:53:43,111 [Worker-3: Enabling Maven Dependency Management] INFO  o.e.m.c.i.l.LifecycleMappingFactory - Using org.maven.ide.eclipse.wtp.WarLifecycleMapping lifecycle mapping for MavenProject: MiChaucheritaWeb_Grupo3:MiChaucheritaWeb_Grupo3:0.0.1-SNAPSHOT @ /Users/leoastby/eclipse-workspace/MiChaucheritaWeb/MiChaucheritaWeb_Grupo3/pom.xml.
2023-02-11 18:53:47,459 [Worker-25: Building] WARN  o.e.m.c.i.embedder.EclipseLogger - Using platform encoding (UTF-8 actually) to copy filtered resources, i.e. build is platform dependent!
2023-02-11 18:53:47,462 [Worker-25: Building] INFO  o.e.m.c.i.embedder.EclipseLogger - skip non existing resourceDirectory /Users/leoastby/eclipse-workspace/MiChaucheritaWeb/MiChaucheritaWeb_Grupo3/src/main/resources
2023-02-11 18:53:47,466 [Worker-25: Building] WARN  o.e.m.c.i.embedder.EclipseLogger - Using platform encoding (UTF-8 actually) to copy filtered resources, i.e. build is platform dependent!
2023-02-11 18:53:47,468 [Worker-25: Building] INFO  o.e.m.c.i.embedder.EclipseLogger - skip non existing resourceDirectory /Users/leoastby/eclipse-workspace/MiChaucheritaWeb/MiChaucheritaWeb_Grupo3/src/test/resources
2023-02-11 18:53:48,417 [Worker-3: Enabling Maven Dependency Management] INFO  o.e.m.j.i.AbstractJavaProjectConfigurator - Adding source folder /MiChaucheritaWeb_Grupo3/src/main/java
2023-02-11 18:53:48,419 [Worker-3: Enabling Maven Dependency Management] INFO  o.e.m.j.i.AbstractJavaProjectConfigurator - Adding source folder /MiChaucheritaWeb_Grupo3/src/test/java
2023-02-11 18:53:49,230 [Worker-3: Enabling Maven Dependency Management] INFO  o.e.m.c.i.p.ProjectConfigurationManager - Update started
2023-02-11 18:53:50,395 [Worker-3: Enabling Maven Dependency Management] INFO  o.e.m.c.i.l.LifecycleMappingFactory - Using org.maven.ide.eclipse.wtp.WarLifecycleMapping lifecycle mapping for MavenProject: MiChaucheritaWeb_Grupo3:MiChaucheritaWeb_Grupo3:0.0.1-SNAPSHOT @ /Users/leoastby/eclipse-workspace/MiChaucheritaWeb/MiChaucheritaWeb_Grupo3/pom.xml.
2023-02-11 18:53:51,839 [Worker-25: Building] WARN  o.e.m.c.i.embedder.EclipseLogger - Using platform encoding (UTF-8 actually) to copy filtered resources, i.e. build is platform dependent!
2023-02-11 18:53:51,842 [Worker-25: Building] INFO  o.e.m.c.i.embedder.EclipseLogger - skip non existing resourceDirectory /Users/leoastby/eclipse-workspace/MiChaucheritaWeb/MiChaucheritaWeb_Grupo3/src/main/resources
2023-02-11 18:53:51,847 [Worker-25: Building] WARN  o.e.m.c.i.embedder.EclipseLogger - Using platform encoding (UTF-8 actually) to copy filtered resources, i.e. build is platform dependent!
2023-02-11 18:53:51,858 [Worker-25: Building] INFO  o.e.m.c.i.embedder.EclipseLogger - skip non existing resourceDirectory /Users/leoastby/eclipse-workspace/MiChaucheritaWeb/MiChaucheritaWeb_Grupo3/src/test/resources
2023-02-11 18:53:51,861 [Worker-25: Building] INFO  o.e.m.w.i.f.ResourceFilteringBuildParticipant - Changed resources require a complete clean of filtered resources of MiChaucheritaWeb_Grupo3
2023-02-11 18:53:51,864 [Worker-25: Building] INFO  o.e.m.w.i.f.ResourceFilteringBuildParticipant - Executing resource filtering for MiChaucheritaWeb_Grupo3
2023-02-11 18:53:51,923 [Worker-25: Building] WARN  o.e.m.c.i.embedder.EclipseLogger - Using platform encoding (UTF-8 actually) to copy filtered resources, i.e. build is platform dependent!
2023-02-11 18:53:53,020 [Worker-3: Enabling Maven Dependency Management] INFO  o.e.m.j.i.AbstractJavaProjectConfigurator - Adding source folder /MiChaucheritaWeb_Grupo3/src/main/java
2023-02-11 18:53:53,022 [Worker-3: Enabling Maven Dependency Management] INFO  o.e.m.j.i.AbstractJavaProjectConfigurator - Adding source folder /MiChaucheritaWeb_Grupo3/src/test/java
2023-02-11 18:53:53,325 [Worker-3: Enabling Maven Dependency Management] INFO  o.e.m.w.i.f.ResourceFilteringBuildParticipant - Cleaning filtered folder for MiChaucheritaWeb_Grupo3
2023-02-11 18:53:53,364 [Worker-3: Enabling Maven Dependency Management] INFO  o.e.m.c.i.p.ProjectConfigurationManager - Update completed for 1 poms: local refresh takes 0.00 sec, refresh facades takes 1.00 sec, update config takes 2.00 sec 
2023-02-11 18:53:54,032 [Worker-27: Building] WARN  o.e.m.c.i.embedder.EclipseLogger - Using platform encoding (UTF-8 actually) to copy filtered resources, i.e. build is platform dependent!
2023-02-11 18:53:54,042 [Worker-27: Building] INFO  o.e.m.c.i.embedder.EclipseLogger - skip non existing resourceDirectory /Users/leoastby/eclipse-workspace/MiChaucheritaWeb/MiChaucheritaWeb_Grupo3/src/main/resources
2023-02-11 18:53:54,046 [Worker-27: Building] WARN  o.e.m.c.i.embedder.EclipseLogger - Using platform encoding (UTF-8 actually) to copy filtered resources, i.e. build is platform dependent!
2023-02-11 18:53:54,047 [Worker-27: Building] INFO  o.e.m.c.i.embedder.EclipseLogger - skip non existing resourceDirectory /Users/leoastby/eclipse-workspace/MiChaucheritaWeb/MiChaucheritaWeb_Grupo3/src/test/resources
2023-02-11 18:53:54,048 [Worker-27: Building] INFO  o.e.m.w.i.f.ResourceFilteringBuildParticipant - Changed resources require a complete clean of filtered resources of MiChaucheritaWeb_Grupo3
2023-02-11 18:53:54,048 [Worker-27: Building] INFO  o.e.m.w.i.f.ResourceFilteringBuildParticipant - Executing resource filtering for MiChaucheritaWeb_Grupo3
2023-02-11 18:53:54,055 [Worker-27: Building] WARN  o.e.m.c.i.embedder.EclipseLogger - Using platform encoding (UTF-8 actually) to copy filtered resources, i.e. build is platform dependent!
2023-02-11 19:02:16,173 [Worker-32: Building] INFO  o.e.m.c.i.l.LifecycleMappingFactory - Using org.maven.ide.eclipse.wtp.WarLifecycleMapping lifecycle mapping for MavenProject: MiChaucheritaWeb_Grupo3:MiChaucheritaWeb_Grupo3:0.0.1-SNAPSHOT @ /Users/leoastby/eclipse-workspace/MiChaucheritaWeb/MiChaucheritaWeb_Grupo3/pom.xml.
2023-02-11 19:02:17,728 [Worker-32: Building] WARN  o.e.m.c.i.embedder.EclipseLogger - Using platform encoding (UTF-8 actually) to copy filtered resources, i.e. build is platform dependent!
2023-02-11 19:02:17,744 [Worker-32: Building] INFO  o.e.m.c.i.embedder.EclipseLogger - skip non existing resourceDirectory /Users/leoastby/eclipse-workspace/MiChaucheritaWeb/MiChaucheritaWeb_Grupo3/src/main/resources
2023-02-11 19:02:17,798 [Worker-32: Building] WARN  o.e.m.c.i.embedder.EclipseLogger - Using platform encoding (UTF-8 actually) to copy filtered resources, i.e. build is platform dependent!
2023-02-11 19:02:17,801 [Worker-32: Building] INFO  o.e.m.c.i.embedder.EclipseLogger - skip non existing resourceDirectory /Users/leoastby/eclipse-workspace/MiChaucheritaWeb/MiChaucheritaWeb_Grupo3/src/test/resources
2023-02-11 19:02:17,804 [Worker-32: Building] INFO  o.e.m.w.i.f.ResourceFilteringBuildParticipant - Changed resources require a complete clean of filtered resources of MiChaucheritaWeb_Grupo3
2023-02-11 19:02:17,804 [Worker-32: Building] INFO  o.e.m.w.i.f.ResourceFilteringBuildParticipant - Executing resource filtering for MiChaucheritaWeb_Grupo3
2023-02-11 19:02:17,813 [Worker-32: Building] WARN  o.e.m.c.i.embedder.EclipseLogger - Using platform encoding (UTF-8 actually) to copy filtered resources, i.e. build is platform dependent!
2023-02-11 19:04:58,828 [Worker-34: Building] WARN  o.e.m.c.i.embedder.EclipseLogger - Using platform encoding (UTF-8 actually) to copy filtered resources, i.e. build is platform dependent!
2023-02-11 19:04:58,832 [Worker-34: Building] INFO  o.e.m.c.i.embedder.EclipseLogger - skip non existing resourceDirectory /Users/leoastby/eclipse-workspace/MiChaucheritaWeb/MiChaucheritaWeb_Grupo3/src/main/resources
2023-02-11 19:04:58,836 [Worker-34: Building] WARN  o.e.m.c.i.embedder.EclipseLogger - Using platform encoding (UTF-8 actually) to copy filtered resources, i.e. build is platform dependent!
2023-02-11 19:04:58,838 [Worker-34: Building] INFO  o.e.m.c.i.embedder.EclipseLogger - skip non existing resourceDirectory /Users/leoastby/eclipse-workspace/MiChaucheritaWeb/MiChaucheritaWeb_Grupo3/src/test/resources
2023-02-11 19:05:07,003 [Worker-36: Building] WARN  o.e.m.c.i.embedder.EclipseLogger - Using platform encoding (UTF-8 actually) to copy filtered resources, i.e. build is platform dependent!
2023-02-11 19:05:07,005 [Worker-36: Building] INFO  o.e.m.c.i.embedder.EclipseLogger - skip non existing resourceDirectory /Users/leoastby/eclipse-workspace/MiChaucheritaWeb/MiChaucheritaWeb_Grupo3/src/main/resources
2023-02-11 19:05:07,008 [Worker-36: Building] WARN  o.e.m.c.i.embedder.EclipseLogger - Using platform encoding (UTF-8 actually) to copy filtered resources, i.e. build is platform dependent!
2023-02-11 19:05:07,010 [Worker-36: Building] INFO  o.e.m.c.i.embedder.EclipseLogger - skip non existing resourceDirectory /Users/leoastby/eclipse-workspace/MiChaucheritaWeb/MiChaucheritaWeb_Grupo3/src/test/resources
2023-02-11 19:05:21,546 [Worker-37: Building] WARN  o.e.m.c.i.embedder.EclipseLogger - Using platform encoding (UTF-8 actually) to copy filtered resources, i.e. build is platform dependent!
2023-02-11 19:05:21,548 [Worker-37: Building] INFO  o.e.m.c.i.embedder.EclipseLogger - skip non existing resourceDirectory /Users/leoastby/eclipse-workspace/MiChaucheritaWeb/MiChaucheritaWeb_Grupo3/src/main/resources
2023-02-11 19:05:21,553 [Worker-37: Building] WARN  o.e.m.c.i.embedder.EclipseLogger - Using platform encoding (UTF-8 actually) to copy filtered resources, i.e. build is platform dependent!
2023-02-11 19:05:21,556 [Worker-37: Building] INFO  o.e.m.c.i.embedder.EclipseLogger - skip non existing resourceDirectory /Users/leoastby/eclipse-workspace/MiChaucheritaWeb/MiChaucheritaWeb_Grupo3/src/test/resources
2023-02-11 19:05:29,260 [Worker-35: Building] WARN  o.e.m.c.i.embedder.EclipseLogger - Using platform encoding (UTF-8 actually) to copy filtered resources, i.e. build is platform dependent!
2023-02-11 19:05:29,265 [Worker-35: Building] INFO  o.e.m.c.i.embedder.EclipseLogger - skip non existing resourceDirectory /Users/leoastby/eclipse-workspace/MiChaucheritaWeb/MiChaucheritaWeb_Grupo3/src/main/resources
2023-02-11 19:05:29,270 [Worker-35: Building] WARN  o.e.m.c.i.embedder.EclipseLogger - Using platform encoding (UTF-8 actually) to copy filtered resources, i.e. build is platform dependent!
2023-02-11 19:05:29,276 [Worker-35: Building] INFO  o.e.m.c.i.embedder.EclipseLogger - skip non existing resourceDirectory /Users/leoastby/eclipse-workspace/MiChaucheritaWeb/MiChaucheritaWeb_Grupo3/src/test/resources
2023-02-11 19:05:31,778 [Worker-36: Building] WARN  o.e.m.c.i.embedder.EclipseLogger - Using platform encoding (UTF-8 actually) to copy filtered resources, i.e. build is platform dependent!
2023-02-11 19:05:31,783 [Worker-36: Building] INFO  o.e.m.c.i.embedder.EclipseLogger - skip non existing resourceDirectory /Users/leoastby/eclipse-workspace/MiChaucheritaWeb/MiChaucheritaWeb_Grupo3/src/main/resources
2023-02-11 19:05:31,789 [Worker-36: Building] WARN  o.e.m.c.i.embedder.EclipseLogger - Using platform encoding (UTF-8 actually) to copy filtered resources, i.e. build is platform dependent!
2023-02-11 19:05:31,792 [Worker-36: Building] INFO  o.e.m.c.i.embedder.EclipseLogger - skip non existing resourceDirectory /Users/leoastby/eclipse-workspace/MiChaucheritaWeb/MiChaucheritaWeb_Grupo3/src/test/resources
2023-02-11 19:05:33,998 [Worker-37: Building] WARN  o.e.m.c.i.embedder.EclipseLogger - Using platform encoding (UTF-8 actually) to copy filtered resources, i.e. build is platform dependent!
2023-02-11 19:05:34,000 [Worker-37: Building] INFO  o.e.m.c.i.embedder.EclipseLogger - skip non existing resourceDirectory /Users/leoastby/eclipse-workspace/MiChaucheritaWeb/MiChaucheritaWeb_Grupo3/src/main/resources
2023-02-11 19:05:34,006 [Worker-37: Building] WARN  o.e.m.c.i.embedder.EclipseLogger - Using platform encoding (UTF-8 actually) to copy filtered resources, i.e. build is platform dependent!
2023-02-11 19:05:34,009 [Worker-37: Building] INFO  o.e.m.c.i.embedder.EclipseLogger - skip non existing resourceDirectory /Users/leoastby/eclipse-workspace/MiChaucheritaWeb/MiChaucheritaWeb_Grupo3/src/test/resources
2023-02-11 19:05:42,497 [Worker-36: Building] WARN  o.e.m.c.i.embedder.EclipseLogger - Using platform encoding (UTF-8 actually) to copy filtered resources, i.e. build is platform dependent!
2023-02-11 19:05:42,504 [Worker-36: Building] INFO  o.e.m.c.i.embedder.EclipseLogger - skip non existing resourceDirectory /Users/leoastby/eclipse-workspace/MiChaucheritaWeb/MiChaucheritaWeb_Grupo3/src/main/resources
2023-02-11 19:05:42,508 [Worker-36: Building] WARN  o.e.m.c.i.embedder.EclipseLogger - Using platform encoding (UTF-8 actually) to copy filtered resources, i.e. build is platform dependent!
2023-02-11 19:05:42,510 [Worker-36: Building] INFO  o.e.m.c.i.embedder.EclipseLogger - skip non existing resourceDirectory /Users/leoastby/eclipse-workspace/MiChaucheritaWeb/MiChaucheritaWeb_Grupo3/src/test/resources
2023-02-12 10:18:44,332 [Worker-1: Loading available Gradle versions] INFO  o.e.b.c.i.u.g.PublishedGradleVersions - Gradle version information cache is up-to-date. Trying to read.
2023-02-12 10:20:40,030 [Worker-1: Building] INFO  o.e.m.c.i.l.LifecycleMappingFactory - Using org.maven.ide.eclipse.wtp.WarLifecycleMapping lifecycle mapping for MavenProject: MiChaucheritaWeb_Grupo3:MiChaucheritaWeb_Grupo3:0.0.1-SNAPSHOT @ /Users/leoastby/eclipse-workspace/MiChaucheritaWeb/MiChaucheritaWeb_Grupo3/pom.xml.
2023-02-12 10:20:42,889 [Worker-1: Building] WARN  o.e.m.c.i.embedder.EclipseLogger - Using platform encoding (UTF-8 actually) to copy filtered resources, i.e. build is platform dependent!
2023-02-12 10:20:42,893 [Worker-1: Building] INFO  o.e.m.c.i.embedder.EclipseLogger - skip non existing resourceDirectory /Users/leoastby/eclipse-workspace/MiChaucheritaWeb/MiChaucheritaWeb_Grupo3/src/main/resources
2023-02-12 10:20:42,899 [Worker-1: Building] WARN  o.e.m.c.i.embedder.EclipseLogger - Using platform encoding (UTF-8 actually) to copy filtered resources, i.e. build is platform dependent!
2023-02-12 10:20:42,901 [Worker-1: Building] INFO  o.e.m.c.i.embedder.EclipseLogger - skip non existing resourceDirectory /Users/leoastby/eclipse-workspace/MiChaucheritaWeb/MiChaucheritaWeb_Grupo3/src/test/resources
2023-02-12 10:22:04,603 [Worker-11: Building] WARN  o.e.m.c.i.embedder.EclipseLogger - Using platform encoding (UTF-8 actually) to copy filtered resources, i.e. build is platform dependent!
2023-02-12 10:22:04,607 [Worker-11: Building] INFO  o.e.m.c.i.embedder.EclipseLogger - skip non existing resourceDirectory /Users/leoastby/eclipse-workspace/MiChaucheritaWeb/MiChaucheritaWeb_Grupo3/src/main/resources
2023-02-12 10:22:04,611 [Worker-11: Building] WARN  o.e.m.c.i.embedder.EclipseLogger - Using platform encoding (UTF-8 actually) to copy filtered resources, i.e. build is platform dependent!
2023-02-12 10:22:04,620 [Worker-11: Building] INFO  o.e.m.c.i.embedder.EclipseLogger - skip non existing resourceDirectory /Users/leoastby/eclipse-workspace/MiChaucheritaWeb/MiChaucheritaWeb_Grupo3/src/test/resources
2023-02-12 10:22:05,654 [Worker-6: Building] WARN  o.e.m.c.i.embedder.EclipseLogger - Using platform encoding (UTF-8 actually) to copy filtered resources, i.e. build is platform dependent!
2023-02-12 10:22:05,662 [Worker-6: Building] INFO  o.e.m.c.i.embedder.EclipseLogger - skip non existing resourceDirectory /Users/leoastby/eclipse-workspace/MiChaucheritaWeb/MiChaucheritaWeb_Grupo3/src/main/resources
2023-02-12 10:22:05,668 [Worker-6: Building] WARN  o.e.m.c.i.embedder.EclipseLogger - Using platform encoding (UTF-8 actually) to copy filtered resources, i.e. build is platform dependent!
2023-02-12 10:22:05,673 [Worker-6: Building] INFO  o.e.m.c.i.embedder.EclipseLogger - skip non existing resourceDirectory /Users/leoastby/eclipse-workspace/MiChaucheritaWeb/MiChaucheritaWeb_Grupo3/src/test/resources
2023-02-12 10:23:58,979 [Worker-17: Building] WARN  o.e.m.c.i.embedder.EclipseLogger - Using platform encoding (UTF-8 actually) to copy filtered resources, i.e. build is platform dependent!
2023-02-12 10:23:58,983 [Worker-17: Building] INFO  o.e.m.c.i.embedder.EclipseLogger - skip non existing resourceDirectory /Users/leoastby/eclipse-workspace/MiChaucheritaWeb/MiChaucheritaWeb_Grupo3/src/main/resources
2023-02-12 10:23:58,988 [Worker-17: Building] WARN  o.e.m.c.i.embedder.EclipseLogger - Using platform encoding (UTF-8 actually) to copy filtered resources, i.e. build is platform dependent!
2023-02-12 10:23:58,990 [Worker-17: Building] INFO  o.e.m.c.i.embedder.EclipseLogger - skip non existing resourceDirectory /Users/leoastby/eclipse-workspace/MiChaucheritaWeb/MiChaucheritaWeb_Grupo3/src/test/resources
2023-02-12 10:30:58,210 [Worker-23: Enabling Maven Dependency Management] INFO  o.e.m.c.i.l.LifecycleMappingFactory - Using org.maven.ide.eclipse.wtp.WarLifecycleMapping lifecycle mapping for MavenProject: MiChaucheritaWeb_2.0:MiChaucheritaWeb_2.0:0.0.1-SNAPSHOT @ /Users/leoastby/eclipse-workspace/MiChaucheritaWeb/MiChaucheritaWeb_2.0/pom.xml.
2023-02-12 10:31:01,150 [Worker-21: Building] WARN  o.e.m.c.i.embedder.EclipseLogger - Using platform encoding (UTF-8 actually) to copy filtered resources, i.e. build is platform dependent!
2023-02-12 10:31:01,154 [Worker-21: Building] INFO  o.e.m.c.i.embedder.EclipseLogger - skip non existing resourceDirectory /Users/leoastby/eclipse-workspace/MiChaucheritaWeb/MiChaucheritaWeb_2.0/src/main/resources
2023-02-12 10:31:01,159 [Worker-21: Building] WARN  o.e.m.c.i.embedder.EclipseLogger - Using platform encoding (UTF-8 actually) to copy filtered resources, i.e. build is platform dependent!
2023-02-12 10:31:01,161 [Worker-21: Building] INFO  o.e.m.c.i.embedder.EclipseLogger - skip non existing resourceDirectory /Users/leoastby/eclipse-workspace/MiChaucheritaWeb/MiChaucheritaWeb_2.0/src/test/resources
2023-02-12 10:31:02,910 [Worker-23: Enabling Maven Dependency Management] INFO  o.e.m.j.i.AbstractJavaProjectConfigurator - Adding source folder /MiChaucheritaWeb_2.0/src/main/java
2023-02-12 10:31:02,915 [Worker-23: Enabling Maven Dependency Management] INFO  o.e.m.j.i.AbstractJavaProjectConfigurator - Adding source folder /MiChaucheritaWeb_2.0/src/test/java
2023-02-12 10:31:03,595 [Worker-23: Enabling Maven Dependency Management] INFO  o.e.m.c.i.p.ProjectConfigurationManager - Update started
2023-02-12 10:31:05,191 [Worker-23: Enabling Maven Dependency Management] INFO  o.e.m.c.i.l.LifecycleMappingFactory - Using org.maven.ide.eclipse.wtp.WarLifecycleMapping lifecycle mapping for MavenProject: MiChaucheritaWeb_2.0:MiChaucheritaWeb_2.0:0.0.1-SNAPSHOT @ /Users/leoastby/eclipse-workspace/MiChaucheritaWeb/MiChaucheritaWeb_2.0/pom.xml.
2023-02-12 10:31:06,902 [Worker-26: Building] WARN  o.e.m.c.i.embedder.EclipseLogger - Using platform encoding (UTF-8 actually) to copy filtered resources, i.e. build is platform dependent!
2023-02-12 10:31:06,906 [Worker-26: Building] INFO  o.e.m.c.i.embedder.EclipseLogger - skip non existing resourceDirectory /Users/leoastby/eclipse-workspace/MiChaucheritaWeb/MiChaucheritaWeb_2.0/src/main/resources
2023-02-12 10:31:06,912 [Worker-26: Building] WARN  o.e.m.c.i.embedder.EclipseLogger - Using platform encoding (UTF-8 actually) to copy filtered resources, i.e. build is platform dependent!
2023-02-12 10:31:06,918 [Worker-26: Building] INFO  o.e.m.c.i.embedder.EclipseLogger - skip non existing resourceDirectory /Users/leoastby/eclipse-workspace/MiChaucheritaWeb/MiChaucheritaWeb_2.0/src/test/resources
2023-02-12 10:31:06,918 [Worker-26: Building] INFO  o.e.m.w.i.f.ResourceFilteringBuildParticipant - Changed resources require a complete clean of filtered resources of MiChaucheritaWeb_2.0
2023-02-12 10:31:06,920 [Worker-26: Building] INFO  o.e.m.w.i.f.ResourceFilteringBuildParticipant - Executing resource filtering for MiChaucheritaWeb_2.0
2023-02-12 10:31:06,960 [Worker-26: Building] WARN  o.e.m.c.i.embedder.EclipseLogger - Using platform encoding (UTF-8 actually) to copy filtered resources, i.e. build is platform dependent!
2023-02-12 10:31:07,726 [Worker-23: Enabling Maven Dependency Management] INFO  o.e.m.j.i.AbstractJavaProjectConfigurator - Adding source folder /MiChaucheritaWeb_2.0/src/main/java
2023-02-12 10:31:07,727 [Worker-23: Enabling Maven Dependency Management] INFO  o.e.m.j.i.AbstractJavaProjectConfigurator - Adding source folder /MiChaucheritaWeb_2.0/src/test/java
2023-02-12 10:31:07,929 [Worker-23: Enabling Maven Dependency Management] INFO  o.e.m.w.i.f.ResourceFilteringBuildParticipant - Cleaning filtered folder for MiChaucheritaWeb_2.0
2023-02-12 10:31:07,968 [Worker-23: Enabling Maven Dependency Management] INFO  o.e.m.c.i.p.ProjectConfigurationManager - Update completed for 1 poms: local refresh takes 0.00 sec, refresh facades takes 2.00 sec, update config takes 1.00 sec 
2023-02-12 10:31:08,743 [Worker-20: Building] WARN  o.e.m.c.i.embedder.EclipseLogger - Using platform encoding (UTF-8 actually) to copy filtered resources, i.e. build is platform dependent!
2023-02-12 10:31:08,746 [Worker-20: Building] INFO  o.e.m.c.i.embedder.EclipseLogger - skip non existing resourceDirectory /Users/leoastby/eclipse-workspace/MiChaucheritaWeb/MiChaucheritaWeb_2.0/src/main/resources
2023-02-12 10:31:08,749 [Worker-20: Building] WARN  o.e.m.c.i.embedder.EclipseLogger - Using platform encoding (UTF-8 actually) to copy filtered resources, i.e. build is platform dependent!
2023-02-12 10:31:08,751 [Worker-20: Building] INFO  o.e.m.c.i.embedder.EclipseLogger - skip non existing resourceDirectory /Users/leoastby/eclipse-workspace/MiChaucheritaWeb/MiChaucheritaWeb_2.0/src/test/resources
2023-02-12 10:31:08,752 [Worker-20: Building] INFO  o.e.m.w.i.f.ResourceFilteringBuildParticipant - Changed resources require a complete clean of filtered resources of MiChaucheritaWeb_2.0
2023-02-12 10:31:08,752 [Worker-20: Building] INFO  o.e.m.w.i.f.ResourceFilteringBuildParticipant - Executing resource filtering for MiChaucheritaWeb_2.0
2023-02-12 10:31:08,758 [Worker-20: Building] WARN  o.e.m.c.i.embedder.EclipseLogger - Using platform encoding (UTF-8 actually) to copy filtered resources, i.e. build is platform dependent!
2023-02-12 10:58:17,298 [Worker-7: Loading available Gradle versions] INFO  o.e.b.c.i.u.g.PublishedGradleVersions - Gradle version information cache is up-to-date. Trying to read.
2023-02-12 11:07:33,256 [Worker-4: Loading available Gradle versions] INFO  o.e.b.c.i.u.g.PublishedGradleVersions - Gradle version information cache is up-to-date. Trying to read.
2023-02-12 11:10:18,224 [Worker-0: Loading available Gradle versions] INFO  o.e.b.c.i.u.g.PublishedGradleVersions - Gradle version information cache is up-to-date. Trying to read.
2023-02-12 11:12:23,161 [Worker-5: Loading available Gradle versions] INFO  o.e.b.c.i.u.g.PublishedGradleVersions - Gradle version information cache is up-to-date. Trying to read.
